<?xml version="1.0" encoding="UTF-8"?>
<!-- Generated by org.testng.reporters.JUnitXMLReporter -->
<testsuite hostname="LAPTOP-B2CJGCH7" ignored="0" name="Default test" tests="6" failures="0" timestamp="14 Dec 2018 03:31:26 GMT" time="51.739" errors="0">
  <testcase name="googleTitleTest" time="0.016" classname="com.test.Facebook"/>
  <testcase name="test2" time="0.0" classname="com.test.Facebook"/>
  <testcase name="googlelogoTest" time="0.068" classname="com.test.Facebook"/>
  <testcase name="maillinktest" time="0.056" classname="com.test.Facebook"/>
  <testcase name="test3" time="0.0" classname="com.test.Facebook"/>
  <testcase name="test1" time="0.0" classname="com.test.Facebook"/>
</testsuite> <!-- Default test -->
