<?xml version="1.0" encoding="UTF-8"?>
<!-- Generated by org.testng.reporters.JUnitXMLReporter -->
<testsuite hostname="LAPTOP-B2CJGCH7" ignored="1" name="car Loan" tests="2" failures="0" timestamp="10 Nov 2018 03:14:07 GMT" time="0.021" errors="0">
  <testcase name="Appiumlogin" time="0.012" classname="test.day3"/>
  <testcase name="weblogincar" time="0.002" classname="test.day3"/>
  <testcase name="mobilelogin" time="0.0" classname="test.day3">
    <ignored/>
  </testcase> <!-- mobilelogin -->
</testsuite> <!-- car Loan -->
