<?xml version="1.0" encoding="UTF-8"?>
<!-- Generated by org.testng.reporters.JUnitXMLReporter -->
<testsuite hostname="LAPTOP-B2CJGCH7" ignored="0" name="Personal Loan" tests="6" failures="0" timestamp="10 Nov 2018 03:14:07 GMT" time="0.108" errors="0">
  <testcase name="Day1" time="0.02" classname="test.day1"/>
  <testcase name="Demo" time="0.004" classname="test.day1"/>
  <testcase name="Day2" time="0.006" classname="test.day2"/>
  <testcase name="Homelogincar" time="0.003" classname="test.day4"/>
  <testcase name="Homemobilelogin" time="0.002" classname="test.day4"/>
  <testcase name="homeAppiumlogin" time="0.007" classname="test.day4"/>
</testsuite> <!-- Personal Loan -->
